<?xml version="1.0" encoding="UTF-8"?>
<!-- Generated by org.testng.reporters.JUnitXMLReporter -->
<testsuite ignored="1" hostname="LAPTOP-ONV6SK6H" failures="0" tests="2" name="Test2" time="9.971" errors="0" timestamp="2022-01-27T10:08:04 GMT">
  <testcase classname="Test.Test1_GoogleSearch" name="googlesearch" time="5.887"/>
  <testcase classname="Test.ExtentReportTestNG" name="test1" time="6.012"/>
  <testcase classname="Test.Test1_GoogleSearch" name="googlesearch2" time="0.0">
    <ignored/>
  </testcase> <!-- googlesearch2 -->
</testsuite> <!-- Test2 -->
