<?xml version="1.0" encoding="UTF-8"?>
<!-- Generated by org.testng.reporters.JUnitXMLReporter -->
<testsuite ignored="0" hostname="LAPTOP-ONV6SK6H" failures="2" tests="6" name="Test" time="0.065" errors="0" timestamp="2022-01-28T12:32:39 GMT">
  <testcase classname="TestNGListener.Demo" name="Test1" time="0.008"/>
  <testcase classname="TestNGListener.Demo" name="Test2" time="0.004">
    <failure type="junit.framework.AssertionFailedError">
      <![CDATA[junit.framework.AssertionFailedError
at junit.framework.Assert.fail(Assert.java:55)
at junit.framework.Assert.assertTrue(Assert.java:22)
at junit.framework.Assert.assertTrue(Assert.java:31)
at TestNGListener.Demo.Test2(Demo.java:14)
at java.base/java.util.ArrayList.forEach(ArrayList.java:1511)
... Removed 27 stack frames]]>
    </failure>
  </testcase> <!-- Test2 -->
  <testcase classname="TestNGListener.Demo" name="Test3" time="0.001">
    <skipped/>
  </testcase> <!-- Test3 -->
  <testcase classname="TestNGListener.Demo2" name="Test4" time="0.002"/>
  <testcase classname="TestNGListener.Demo2" name="Test5" time="0.001">
    <failure type="junit.framework.AssertionFailedError">
      <![CDATA[junit.framework.AssertionFailedError
at junit.framework.Assert.fail(Assert.java:55)
at junit.framework.Assert.assertTrue(Assert.java:22)
at junit.framework.Assert.assertTrue(Assert.java:31)
at TestNGListener.Demo2.Test5(Demo2.java:14)
at java.base/java.util.ArrayList.forEach(ArrayList.java:1511)
... Removed 27 stack frames]]>
    </failure>
  </testcase> <!-- Test5 -->
  <testcase classname="TestNGListener.Demo2" name="Test6" time="0.001">
    <skipped/>
  </testcase> <!-- Test6 -->
</testsuite> <!-- Test -->
